[INFO] Logger initialized
Fri Mar 08 02:18:00 2013
 [INFO] Logger initialized
Fri Mar 08 02:21:05 2013
 [INFO] Logger initialized
Fri Mar 08 02:25:30 2013
 [INFO] Logger initialized
2:32:41 [INFO] Logger initialized
4:10:15 [INFO] Logger initialized
4:10:15 [INFO] Initializing windows
4:10:15 [INFO] Initializing windowed mode
4:10:15 [INFO] Windowed mode initialized
4:10:15 [INFO] Initializing the input system
4:10:15 [INFO] All systems are initialized
4:10:34 [INFO] the input system has been destroyed
4:10:34 [INFO] Shutting down the window
4:10:34 [INFO] Cleanup complete
21:51:14 [INFO] Logger initialized
21:51:14 [INFO] Initializing windows
21:51:14 [INFO] Initializing windowed mode
21:51:14 [INFO] Windowed mode initialized
21:51:14 [INFO] Initializing the input system
21:51:14 [INFO] All systems are initialized
20:22:43 [INFO] Logger initialized
20:22:43 [INFO] Initializing windows
20:22:43 [INFO] Initializing windowed mode
20:22:43 [INFO] Windowed mode initialized
20:22:43 [INFO] Initializing the input system
20:22:43 [INFO] All systems are initialized
20:24:30 [INFO] Logger initialized
20:24:30 [INFO] Initializing windows
20:24:30 [INFO] Initializing windowed mode
20:24:30 [INFO] Windowed mode initialized
20:24:30 [INFO] Initializing the input system
20:25:36 [INFO] Logger initialized
20:25:36 [INFO] Initializing windows
20:25:36 [INFO] Initializing windowed mode
20:25:36 [INFO] Windowed mode initialized
20:25:36 [INFO] Initializing the input system
20:26:4 [INFO] Logger initialized
20:26:4 [INFO] Initializing windows
20:26:4 [INFO] Initializing windowed mode
20:26:4 [INFO] Windowed mode initialized
20:26:4 [INFO] Initializing the input system
20:27:43 [INFO] Logger initialized
20:27:43 [INFO] Initializing windows
20:27:43 [INFO] Initializing windowed mode
20:27:43 [INFO] Windowed mode initialized
20:27:43 [INFO] Initializing the input system
20:28:41 [INFO] Logger initialized
20:28:41 [INFO] Initializing windows
20:28:41 [INFO] Initializing windowed mode
20:28:41 [INFO] Windowed mode initialized
20:28:41 [INFO] Initializing the input system
20:38:34 [INFO] Logger initialized
20:38:34 [INFO] Initializing windows
20:38:34 [INFO] Initializing windowed mode
20:38:34 [INFO] Windowed mode initialized
20:38:34 [INFO] Initializing the input system
20:41:32 [INFO] Logger initialized
20:41:32 [INFO] Initializing windows
20:41:32 [INFO] Initializing windowed mode
20:41:32 [INFO] Windowed mode initialized
20:41:32 [INFO] Initializing the input system
20:44:10 [INFO] Logger initialized
20:44:10 [INFO] Initializing windows
20:44:10 [INFO] Initializing windowed mode
20:44:10 [INFO] Windowed mode initialized
20:44:10 [INFO] Initializing the input system
20:48:9 [INFO] Logger initialized
20:48:9 [INFO] Initializing windows
20:48:9 [INFO] Initializing windowed mode
20:48:9 [INFO] Windowed mode initialized
20:48:9 [INFO] Initializing the input system
20:49:25 [INFO] Logger initialized
20:49:25 [INFO] Initializing windows
20:49:25 [INFO] Initializing windowed mode
20:49:25 [INFO] Windowed mode initialized
20:49:25 [INFO] Initializing the input system
20:55:31 [INFO] Logger initialized
20:55:31 [INFO] Initializing windows
20:55:31 [INFO] Initializing windowed mode
20:55:31 [INFO] Windowed mode initialized
20:55:31 [INFO] Initializing the input system
20:57:19 [INFO] Logger initialized
20:57:19 [INFO] Initializing windows
20:57:19 [INFO] Initializing windowed mode
20:57:19 [INFO] Windowed mode initialized
20:57:19 [INFO] Initializing the input system
20:59:4 [INFO] Logger initialized
20:59:4 [INFO] Initializing windows
20:59:4 [INFO] Initializing windowed mode
20:59:4 [INFO] Windowed mode initialized
20:59:4 [INFO] Initializing the input system
21:0:40 [INFO] Logger initialized
21:0:40 [INFO] Initializing windows
21:0:40 [INFO] Initializing windowed mode
21:0:40 [INFO] Windowed mode initialized
21:0:40 [INFO] Initializing the input system
21:2:12 [INFO] Logger initialized
21:2:12 [INFO] Initializing windows
21:2:12 [INFO] Initializing windowed mode
21:2:12 [INFO] Windowed mode initialized
21:2:12 [INFO] Initializing the input system
21:9:3 [INFO] Logger initialized
21:9:3 [INFO] Initializing windows
21:9:3 [INFO] Initializing windowed mode
21:9:3 [INFO] Windowed mode initialized
21:9:3 [INFO] Initializing the input system
21:10:46 [INFO] Logger initialized
21:10:46 [INFO] Initializing windows
21:10:46 [INFO] Initializing windowed mode
21:10:46 [INFO] Windowed mode initialized
21:10:46 [INFO] Initializing the input system
21:17:37 [INFO] Logger initialized
21:17:37 [INFO] Initializing windows
21:17:37 [INFO] Initializing windowed mode
21:17:37 [INFO] Windowed mode initialized
21:17:37 [INFO] Initializing the input system
21:24:12 [INFO] Logger initialized
21:24:12 [INFO] Initializing windows
21:24:12 [INFO] Initializing windowed mode
21:24:12 [INFO] Windowed mode initialized
21:24:12 [INFO] Initializing the input system
21:26:45 [INFO] Logger initialized
21:26:45 [INFO] Initializing windows
21:26:45 [INFO] Initializing windowed mode
21:26:45 [INFO] Windowed mode initialized
21:26:45 [INFO] Initializing the input system
21:30:11 [INFO] Logger initialized
21:30:11 [INFO] Initializing windows
21:30:11 [INFO] Initializing windowed mode
21:30:11 [INFO] Windowed mode initialized
21:30:11 [INFO] Initializing the input system
21:35:33 [INFO] Logger initialized
21:35:33 [INFO] Initializing windows
21:35:33 [INFO] Initializing windowed mode
21:35:33 [INFO] Windowed mode initialized
21:56:12 [INFO] Logger initialized
21:56:12 [INFO] Initializing windows
21:56:12 [INFO] Initializing windowed mode
21:56:12 [INFO] Windowed mode initialized
21:56:50 [INFO] Initializing the input system
22:6:21 [INFO] Logger initialized
22:6:21 [INFO] Initializing windows
22:6:21 [INFO] Initializing windowed mode
22:6:21 [INFO] Windowed mode initialized
22:6:25 [INFO] Initializing the input system
22:6:29 [ERROR] Unnable to create D3D message queue
Function: Graphics::CreateDeviceAndSwapChain
e:\test task\naia\te010\graphics.cpp
Line: 22:8:11 [INFO] Logger initialized
22:8:11 [INFO] Initializing windows
22:8:11 [INFO] Initializing windowed mode
22:8:11 [INFO] Windowed mode initialized
22:8:19 [INFO] Initializing the input system
22:8:32 [FATAL] Unnable to compile default shader
Function: Graphics::CreateDefaultShader
e:\test task\naia\te010\graphics.cpp
Line: 22:10:43 [INFO] Logger initialized
22:10:43 [INFO] Initializing windows
22:10:43 [INFO] Initializing windowed mode
22:10:43 [INFO] Windowed mode initialized
22:10:43 [INFO] Initializing the input system
22:11:0 [FATAL] Unnable to compile default shader
Function: Graphics::CreateDefaultShader
e:\test task\naia\te010\graphics.cpp
Line: 22:14:28 [INFO] Logger initialized
22:14:28 [INFO] Initializing windows
22:14:28 [INFO] Initializing windowed mode
22:14:28 [INFO] Windowed mode initialized
22:14:28 [INFO] Initializing the input system
22:14:32 [FATAL] Can not create constant buffer (Never changes)
Function: Graphics::CreateDefaultShader
e:\test task\naia\te010\graphics.cpp
Line: 22:14:43 [FATAL] Can not create constant buffer (Changes on resize)
Function: Graphics::CreateDefaultShader
e:\test task\naia\te010\graphics.cpp
Line: 22:14:47 [FATAL] Can not create constant buffer (Changes every frame)
Function: Graphics::CreateDefaultShader
e:\test task\naia\te010\graphics.cpp
Line: 22:16:23 [INFO] Logger initialized
22:16:23 [INFO] Initializing windows
22:16:23 [INFO] Initializing windowed mode
22:16:23 [INFO] Windowed mode initialized
22:16:23 [INFO] Initializing the input system
22:16:27 [INFO] All systems are initialized
